Using pre-set license
Built from '2020.2/staging' branch; Version is '2020.2.6f1 (8a2143876886) revision 9052483'; Using compiler version '192528614'; Build Type 'Release'
OS: 'Windows 10 Home; OS build 19042.804; Version 2009; 64bit' Language: 'zh' Physical Memory: 16247 MB
BatchMode: 1, IsHumanControllingUs: 0, StartBugReporterOnCrash: 0, Is64bit: 1, IsPro: 0

 COMMAND LINE ARGUMENTS:
C:\Program Files\Unity\Hub\Editor\2020.2.6f1\Editor\Unity.exe
-adb2
-batchMode
-noUpm
-name
AssetImportWorker0
-projectPath
C:/Scream/Unity/Dash
-logFile
Logs/AssetImportWorker0.log
-srvPort
3124
Successfully changed project path to: C:/Scream/Unity/Dash
C:/Scream/Unity/Dash
Using Asset Import Pipeline V2.
Refreshing native plugins compatible for Editor in 134.63 ms, found 2 plugins.
Preloading 0 native plugins for Editor in 0.00 ms.
Initialize engine version: 2020.2.6f1 (8a2143876886)
[Subsystems] Discovering subsystems at path C:/Program Files/Unity/Hub/Editor/2020.2.6f1/Editor/Data/Resources/UnitySubsystems
[Subsystems] Discovering subsystems at path C:/Scream/Unity/Dash/Assets
GfxDevice: creating device client; threaded=0
Direct3D:
    Version:  Direct3D 11.0 [level 11.0]
    Renderer: NVIDIA GeForce GTX 960M (ID=0x139b)
    Vendor:   
    VRAM:     2010 MB
    Driver:   27.21.14.6172
Shader 'Universal Render Pipeline/Particles/Lit': fallback shader 'Universal Render Pipeline/Particles/SimpleLit' not found
Initialize mono
Mono path[0] = 'C:/Program Files/Unity/Hub/Editor/2020.2.6f1/Editor/Data/Managed'
Mono path[1] = 'C:/Program Files/Unity/Hub/Editor/2020.2.6f1/Editor/Data/MonoBleedingEdge/lib/mono/unityjit'
Mono config path = 'C:/Program Files/Unity/Hub/Editor/2020.2.6f1/Editor/Data/MonoBleedingEdge/etc'
Using monoOptions --debugger-agent=transport=dt_socket,embedding=1,server=y,suspend=n,address=127.0.0.1:56336
Begin MonoManager ReloadAssembly
Registering precompiled unity dll's ...
Register platform support module: C:/Program Files/Unity/Hub/Editor/2020.2.6f1/Editor/Data/PlaybackEngines/WindowsStandaloneSupport/UnityEditor.WindowsStandalone.Extensions.dll
Registered in 0.006958 seconds.
Native extension for WindowsStandalone target not found
Refreshing native plugins compatible for Editor in 93.18 ms, found 2 plugins.
Preloading 0 native plugins for Editor in 0.00 ms.
Invoked RoslynAnalysisRunner static constructor.
RoslynAnalysisRunner will not be running.
RoslynAnalysisRunner has terminated.
Mono: successfully reloaded assembly
- Completed reload, in  2.685 seconds
Platform modules already initialized, skipping
Registering precompiled user dll's ...
Registered in 0.021698 seconds.
Begin MonoManager ReloadAssembly
Native extension for WindowsStandalone target not found
Refreshing native plugins compatible for Editor in 427.94 ms, found 2 plugins.
Preloading 0 native plugins for Editor in 0.00 ms.
Invoked RoslynAnalysisRunner static constructor.
RoslynAnalysisRunner will not be running.
RoslynAnalysisRunner has terminated.
Mono: successfully reloaded assembly
- Completed reload, in 10.614 seconds
Platform modules already initialized, skipping
========================================================================
Worker process is ready to serve import requests
Shader 'Universal Render Pipeline/Particles/Lit': fallback shader 'Universal Render Pipeline/Particles/SimpleLit' not found
Launched and connected shader compiler UnityShaderCompiler.exe after 0.14 seconds
Refreshing native plugins compatible for Editor in 1.93 ms, found 2 plugins.
Preloading 0 native plugins for Editor in 0.00 ms.
Unloading 3188 Unused Serialized files (Serialized files now loaded: 0)
System memory in use before: 145.7 MB.
System memory in use after: 145.9 MB.

Unloading 41 unused Assets to reduce memory usage. Loaded Objects now: 3619.
Total: 10.569400 ms (FindLiveObjects: 1.455100 ms CreateObjectMapping: 0.435500 ms MarkObjects: 8.527800 ms  DeleteObjects: 0.147600 ms)

========================================================================
Received Import Request.
  path: Assets/Scenes/TitleScene.unity
  artifactKey: Guid(9dbd5704872c4b746bea3f2a6678c36a) Importer(815301076,1909f56bfc062723c751e8b465ee728b)
Start importing Assets/Scenes/TitleScene.unity using Guid(9dbd5704872c4b746bea3f2a6678c36a) Importer(815301076,1909f56bfc062723c751e8b465ee728b)  -> (artifact id: '29f63f04e4cf692387430d05354c85b0') in 0.047694 seconds
  Import took 0.067051 seconds .

========================================================================
Received Import Request.
  Time since last request: 0.018791 seconds.
  path: Assets/Scenes/TitleScene.unity
  artifactKey: Guid(9dbd5704872c4b746bea3f2a6678c36a) Importer(815301076,1909f56bfc062723c751e8b465ee728b)
Start importing Assets/Scenes/TitleScene.unity using Guid(9dbd5704872c4b746bea3f2a6678c36a) Importer(815301076,1909f56bfc062723c751e8b465ee728b)  -> (artifact id: '29f63f04e4cf692387430d05354c85b0') in 0.013441 seconds
  Import took 0.029649 seconds .

========================================================================
Received Prepare
Registering precompiled user dll's ...
Registered in 0.022129 seconds.
Begin MonoManager ReloadAssembly
Native extension for WindowsStandalone target not found
Refreshing native plugins compatible for Editor in 1.46 ms, found 2 plugins.
Preloading 0 native plugins for Editor in 0.00 ms.
Invoked RoslynAnalysisRunner static constructor.
RoslynAnalysisRunner will not be running.
RoslynAnalysisRunner has terminated.
Mono: successfully reloaded assembly
- Completed reload, in 11.654 seconds
Platform modules already initialized, skipping
Shader 'Universal Render Pipeline/Particles/Lit': fallback shader 'Universal Render Pipeline/Particles/SimpleLit' not found
Refreshing native plugins compatible for Editor in 1.10 ms, found 2 plugins.
Preloading 0 native plugins for Editor in 0.00 ms.
Unloading 3034 Unused Serialized files (Serialized files now loaded: 0)
System memory in use before: 136.5 MB.
System memory in use after: 136.8 MB.

Unloading 31 unused Assets to reduce memory usage. Loaded Objects now: 3621.
Total: 8.298100 ms (FindLiveObjects: 2.238900 ms CreateObjectMapping: 0.868100 ms MarkObjects: 5.139400 ms  DeleteObjects: 0.044500 ms)

========================================================================
Received Prepare
Registering precompiled user dll's ...
Registered in 0.017429 seconds.
Begin MonoManager ReloadAssembly
Native extension for WindowsStandalone target not found
Refreshing native plugins compatible for Editor in 1.09 ms, found 2 plugins.
Preloading 0 native plugins for Editor in 0.00 ms.
Invoked RoslynAnalysisRunner static constructor.
RoslynAnalysisRunner will not be running.
RoslynAnalysisRunner has terminated.
Mono: successfully reloaded assembly
- Completed reload, in  7.537 seconds
Platform modules already initialized, skipping
Shader 'Universal Render Pipeline/Particles/Lit': fallback shader 'Universal Render Pipeline/Particles/SimpleLit' not found
Refreshing native plugins compatible for Editor in 0.91 ms, found 2 plugins.
Preloading 0 native plugins for Editor in 0.00 ms.
Unloading 2992 Unused Serialized files (Serialized files now loaded: 0)
System memory in use before: 135.8 MB.
System memory in use after: 136.0 MB.

Unloading 31 unused Assets to reduce memory usage. Loaded Objects now: 3623.
Total: 5.631500 ms (FindLiveObjects: 0.586300 ms CreateObjectMapping: 0.235600 ms MarkObjects: 4.626200 ms  DeleteObjects: 0.180600 ms)

========================================================================
Received Import Request.
  Time since last request: 923.711422 seconds.
  path: Assets/Firebase/Editor/Firebase.Editor.dll
  artifactKey: Guid(9f2edbf81053418f879076c05f816dc2) Importer(815301076,1909f56bfc062723c751e8b465ee728b)
Start importing Assets/Firebase/Editor/Firebase.Editor.dll using Guid(9f2edbf81053418f879076c05f816dc2) Importer(815301076,1909f56bfc062723c751e8b465ee728b)  -> (artifact id: '96a6aef3b644bdbff2dfaa94280e5359') in 0.072503 seconds
  Import took 0.079893 seconds .

========================================================================
Received Import Request.
  Time since last request: 14.314165 seconds.
  path: Assets/Firebase/Editor/Firebase.Editor.dll
  artifactKey: Guid(9f2edbf81053418f879076c05f816dc2) Importer(815301076,1909f56bfc062723c751e8b465ee728b)
Start importing Assets/Firebase/Editor/Firebase.Editor.dll using Guid(9f2edbf81053418f879076c05f816dc2) Importer(815301076,1909f56bfc062723c751e8b465ee728b)  -> (artifact id: 'b8bcf26ce6b1d6024eeb94df1af66343') in 0.008538 seconds
  Import took 0.018576 seconds .

========================================================================
Received Import Request.
  Time since last request: 35.505282 seconds.
  path: Assets/PlayServicesResolver/Editor/Google.IOSResolver_v1.2.135.0.dll
  artifactKey: Guid(a1e8415cfe85469f9aa0aea941166031) Importer(815301076,1909f56bfc062723c751e8b465ee728b)
Start importing Assets/PlayServicesResolver/Editor/Google.IOSResolver_v1.2.135.0.dll using Guid(a1e8415cfe85469f9aa0aea941166031) Importer(815301076,1909f56bfc062723c751e8b465ee728b)  -> (artifact id: 'a6c9c39b0736658581e9c5cd3e60f328') in 0.008709 seconds
  Import took 0.015563 seconds .

========================================================================
Received Import Request.
  Time since last request: 0.050045 seconds.
  path: Assets/PlayServicesResolver/Editor/Google.IOSResolver_v1.2.135.0.dll
  artifactKey: Guid(a1e8415cfe85469f9aa0aea941166031) Importer(815301076,1909f56bfc062723c751e8b465ee728b)
Start importing Assets/PlayServicesResolver/Editor/Google.IOSResolver_v1.2.135.0.dll using Guid(a1e8415cfe85469f9aa0aea941166031) Importer(815301076,1909f56bfc062723c751e8b465ee728b)  -> (artifact id: 'a6c9c39b0736658581e9c5cd3e60f328') in 0.006447 seconds
  Import took 0.016651 seconds .

========================================================================
Received Prepare
Registering precompiled user dll's ...
Registered in 0.028688 seconds.
Begin MonoManager ReloadAssembly
Native extension for WindowsStandalone target not found
Refreshing native plugins compatible for Editor in 3.12 ms, found 2 plugins.
Preloading 0 native plugins for Editor in 0.00 ms.
Invoked RoslynAnalysisRunner static constructor.
RoslynAnalysisRunner will not be running.
RoslynAnalysisRunner has terminated.
Mono: successfully reloaded assembly
- Completed reload, in 20.071 seconds
Platform modules already initialized, skipping
Shader 'Universal Render Pipeline/Particles/Lit': fallback shader 'Universal Render Pipeline/Particles/SimpleLit' not found
Refreshing native plugins compatible for Editor in 0.94 ms, found 2 plugins.
Preloading 0 native plugins for Editor in 0.00 ms.
Unloading 2992 Unused Serialized files (Serialized files now loaded: 0)
System memory in use before: 135.8 MB.
System memory in use after: 136.0 MB.

Unloading 31 unused Assets to reduce memory usage. Loaded Objects now: 3625.
Total: 4.032900 ms (FindLiveObjects: 0.662500 ms CreateObjectMapping: 0.290000 ms MarkObjects: 3.030900 ms  DeleteObjects: 0.047800 ms)

========================================================================
Received Prepare
Registering precompiled user dll's ...
Registered in 0.020382 seconds.
Begin MonoManager ReloadAssembly
Native extension for WindowsStandalone target not found
Refreshing native plugins compatible for Editor in 0.89 ms, found 2 plugins.
Preloading 0 native plugins for Editor in 0.00 ms.
Invoked RoslynAnalysisRunner static constructor.
RoslynAnalysisRunner will not be running.
RoslynAnalysisRunner has terminated.
Mono: successfully reloaded assembly
- Completed reload, in 16.178 seconds
Platform modules already initialized, skipping
Shader 'Universal Render Pipeline/Particles/Lit': fallback shader 'Universal Render Pipeline/Particles/SimpleLit' not found
Refreshing native plugins compatible for Editor in 1.80 ms, found 2 plugins.
Preloading 0 native plugins for Editor in 0.00 ms.
Unloading 2992 Unused Serialized files (Serialized files now loaded: 0)
System memory in use before: 135.8 MB.
System memory in use after: 136.0 MB.

Unloading 31 unused Assets to reduce memory usage. Loaded Objects now: 3627.
Total: 9.092000 ms (FindLiveObjects: 0.794900 ms CreateObjectMapping: 0.745400 ms MarkObjects: 7.494100 ms  DeleteObjects: 0.055200 ms)

========================================================================
Received Import Request.
  Time since last request: 85.925224 seconds.
  path: Assets/PlayServicesResolver/Editor/Google.IOSResolver_v1.2.135.0.dll
  artifactKey: Guid(a1e8415cfe85469f9aa0aea941166031) Importer(815301076,1909f56bfc062723c751e8b465ee728b)
Start importing Assets/PlayServicesResolver/Editor/Google.IOSResolver_v1.2.135.0.dll using Guid(a1e8415cfe85469f9aa0aea941166031) Importer(815301076,1909f56bfc062723c751e8b465ee728b)  -> (artifact id: '7e4a1683b733d12dfc39c5d4b063d6e5') in 0.123637 seconds
  Import took 0.283350 seconds .

========================================================================
Received Import Request.
  Time since last request: 9.595158 seconds.
  path: Assets/PlayServicesResolver/Editor/Google.IOSResolver_v1.2.135.0.dll
  artifactKey: Guid(a1e8415cfe85469f9aa0aea941166031) Importer(815301076,1909f56bfc062723c751e8b465ee728b)
Start importing Assets/PlayServicesResolver/Editor/Google.IOSResolver_v1.2.135.0.dll using Guid(a1e8415cfe85469f9aa0aea941166031) Importer(815301076,1909f56bfc062723c751e8b465ee728b)  -> (artifact id: '25c2c6319d9a71c0980cb910e4f15cbe') in 0.012485 seconds
  Import took 0.025927 seconds .

========================================================================
Received Prepare
Registering precompiled user dll's ...
Registered in 0.019507 seconds.
Begin MonoManager ReloadAssembly
Native extension for WindowsStandalone target not found
Refreshing native plugins compatible for Editor in 0.92 ms, found 2 plugins.
Preloading 0 native plugins for Editor in 0.00 ms.
Invoked RoslynAnalysisRunner static constructor.
RoslynAnalysisRunner will not be running.
RoslynAnalysisRunner has terminated.
Mono: successfully reloaded assembly
- Completed reload, in 10.180 seconds
Platform modules already initialized, skipping
Shader 'Universal Render Pipeline/Particles/Lit': fallback shader 'Universal Render Pipeline/Particles/SimpleLit' not found
Refreshing native plugins compatible for Editor in 2.30 ms, found 2 plugins.
Preloading 0 native plugins for Editor in 0.00 ms.
Unloading 2992 Unused Serialized files (Serialized files now loaded: 0)
System memory in use before: 135.8 MB.
System memory in use after: 136.1 MB.

Unloading 31 unused Assets to reduce memory usage. Loaded Objects now: 3629.
Total: 8.116700 ms (FindLiveObjects: 0.840900 ms CreateObjectMapping: 1.423700 ms MarkObjects: 5.808500 ms  DeleteObjects: 0.038600 ms)

========================================================================
Received Import Request.
  Time since last request: 50.636448 seconds.
  path: Assets/PlayServicesResolver/Editor/Google.IOSResolver_v1.2.135.0.dll
  artifactKey: Guid(a1e8415cfe85469f9aa0aea941166031) Importer(815301076,1909f56bfc062723c751e8b465ee728b)
Start importing Assets/PlayServicesResolver/Editor/Google.IOSResolver_v1.2.135.0.dll using Guid(a1e8415cfe85469f9aa0aea941166031) Importer(815301076,1909f56bfc062723c751e8b465ee728b)  -> (artifact id: '200c0892b0e773175bb952ef85eeccc3') in 0.014325 seconds
  Import took 0.027982 seconds .

========================================================================
Received Import Request.
  Time since last request: 14.152332 seconds.
  path: Assets/PlayServicesResolver/Editor/Google.IOSResolver_v1.2.135.0.dll
  artifactKey: Guid(a1e8415cfe85469f9aa0aea941166031) Importer(815301076,1909f56bfc062723c751e8b465ee728b)
Start importing Assets/PlayServicesResolver/Editor/Google.IOSResolver_v1.2.135.0.dll using Guid(a1e8415cfe85469f9aa0aea941166031) Importer(815301076,1909f56bfc062723c751e8b465ee728b)  -> (artifact id: '818dbf310fdb4c0ff005676f20045742') in 0.055638 seconds
  Import took 0.220885 seconds .

========================================================================
Received Prepare
Registering precompiled user dll's ...
Registered in 0.027589 seconds.
Begin MonoManager ReloadAssembly
Native extension for WindowsStandalone target not found
Refreshing native plugins compatible for Editor in 1.19 ms, found 2 plugins.
Preloading 0 native plugins for Editor in 0.00 ms.
System.IO.FileNotFoundException: Could not load file or assembly 'Google.IOSResolver, Version=1.2.0.0, Culture=neutral, PublicKeyToken=null' or one of its dependencies.
File name: 'Google.IOSResolver, Version=1.2.0.0, Culture=neutral, PublicKeyToken=null'
UnityEngine.StackTraceUtility:ExtractStackTrace ()
UnityEngine.DebugLogHandler:LogFormat (UnityEngine.LogType,UnityEngine.Object,string,object[])
UnityEngine.Logger:Log (UnityEngine.LogType,object)
UnityEngine.Debug:LogError (object)
UnityEditor.EditorAssemblies:ProcessInitializeOnLoadAttributes (System.Type[])

Invoked RoslynAnalysisRunner static constructor.
RoslynAnalysisRunner will not be running.
RoslynAnalysisRunner has terminated.
Mono: successfully reloaded assembly
FileNotFoundException: Could not load file or assembly 'Google.IOSResolver, Version=1.2.0.0, Culture=neutral, PublicKeyToken=null' or one of its dependencies.
Rethrow as TypeInitializationException: The type initializer for 'Firebase.Editor.XcodeProjectPatcher' threw an exception.
  at (wrapper managed-to-native) System.Reflection.MonoCMethod.InternalInvoke(System.Reflection.MonoCMethod,object,object[],System.Exception&)
  at System.Reflection.MonoCMethod.InternalInvoke (System.Object obj, System.Object[] parameters) [0x00002] in <eae584ce26bc40229c1b1aa476bfa589>:0 
Rethrow as TargetInvocationException: Exception has been thrown by the target of an invocation.
  at System.Reflection.MonoCMethod.InternalInvoke (System.Object obj, System.Object[] parameters) [0x00014] in <eae584ce26bc40229c1b1aa476bfa589>:0 
  at System.RuntimeType.CreateInstanceMono (System.Boolean nonPublic) [0x000a8] in <eae584ce26bc40229c1b1aa476bfa589>:0 
  at System.RuntimeType.CreateInstanceSlow (System.Boolean publicOnly, System.Boolean skipCheckThis, System.Boolean fillCache, System.Threading.StackCrawlMark& stackMark) [0x00009] in <eae584ce26bc40229c1b1aa476bfa589>:0 
  at System.RuntimeType.CreateInstanceDefaultCtor (System.Boolean publicOnly, System.Boolean skipCheckThis, System.Boolean fillCache, System.Threading.StackCrawlMark& stackMark) [0x00027] in <eae584ce26bc40229c1b1aa476bfa589>:0 
  at System.Activator.CreateInstance (System.Type type, System.Boolean nonPublic) [0x0002c] in <eae584ce26bc40229c1b1aa476bfa589>:0 
  at System.Activator.CreateInstance (System.Type type) [0x00000] in <eae584ce26bc40229c1b1aa476bfa589>:0 
  at UnityEditor.AssetPostprocessingInternal.GetMeshProcessorsHashString () [0x00035] in <8c48e4bc2ff34638b69095cbb65e2e27>:0 
UnityEngine.DebugLogHandler:Internal_LogException(Exception, Object)
UnityEngine.DebugLogHandler:LogException(Exception, Object)
UnityEngine.Logger:LogException(Exception, Object)
UnityEngine.Debug:LogException(Exception)
UnityEditor.AssetPostprocessingInternal:GetMeshProcessorsHashString()

FileNotFoundException: Could not load file or assembly 'Google.IOSResolver, Version=1.2.0.0, Culture=neutral, PublicKeyToken=null' or one of its dependencies.
Rethrow as TypeInitializationException: The type initializer for 'Firebase.Editor.XcodeProjectPatcher' threw an exception.
  at (wrapper managed-to-native) System.Reflection.MonoCMethod.InternalInvoke(System.Reflection.MonoCMethod,object,object[],System.Exception&)
  at System.Reflection.MonoCMethod.InternalInvoke (System.Object obj, System.Object[] parameters) [0x00002] in <eae584ce26bc40229c1b1aa476bfa589>:0 
Rethrow as TargetInvocationException: Exception has been thrown by the target of an invocation.
  at System.Reflection.MonoCMethod.InternalInvoke (System.Object obj, System.Object[] parameters) [0x00014] in <eae584ce26bc40229c1b1aa476bfa589>:0 
  at System.RuntimeType.CreateInstanceMono (System.Boolean nonPublic) [0x000a8] in <eae584ce26bc40229c1b1aa476bfa589>:0 
  at System.RuntimeType.CreateInstanceSlow (System.Boolean publicOnly, System.Boolean skipCheckThis, System.Boolean fillCache, System.Threading.StackCrawlMark& stackMark) [0x00009] in <eae584ce26bc40229c1b1aa476bfa589>:0 
  at System.RuntimeType.CreateInstanceDefaultCtor (System.Boolean publicOnly, System.Boolean skipCheckThis, System.Boolean fillCache, System.Threading.StackCrawlMark& stackMark) [0x00027] in <eae584ce26bc40229c1b1aa476bfa589>:0 
  at System.Activator.CreateInstance (System.Type type, System.Boolean nonPublic) [0x0002c] in <eae584ce26bc40229c1b1aa476bfa589>:0 
  at System.Activator.CreateInstance (System.Type type) [0x00000] in <eae584ce26bc40229c1b1aa476bfa589>:0 
  at UnityEditor.AssetPostprocessingInternal.GetTextureProcessorsHashString () [0x00035] in <8c48e4bc2ff34638b69095cbb65e2e27>:0 
UnityEngine.DebugLogHandler:Internal_LogException(Exception, Object)
UnityEngine.DebugLogHandler:LogException(Exception, Object)
UnityEngine.Logger:LogException(Exception, Object)
UnityEngine.Debug:LogException(Exception)
UnityEditor.AssetPostprocessingInternal:GetTextureProcessorsHashString()

FileNotFoundException: Could not load file or assembly 'Google.IOSResolver, Version=1.2.0.0, Culture=neutral, PublicKeyToken=null' or one of its dependencies.
Rethrow as TypeInitializationException: The type initializer for 'Firebase.Editor.XcodeProjectPatcher' threw an exception.
  at (wrapper managed-to-native) System.Reflection.MonoCMethod.InternalInvoke(System.Reflection.MonoCMethod,object,object[],System.Exception&)
  at System.Reflection.MonoCMethod.InternalInvoke (System.Object obj, System.Object[] parameters) [0x00002] in <eae584ce26bc40229c1b1aa476bfa589>:0 
Rethrow as TargetInvocationException: Exception has been thrown by the target of an invocation.
  at System.Reflection.MonoCMethod.InternalInvoke (System.Object obj, System.Object[] parameters) [0x00014] in <eae584ce26bc40229c1b1aa476bfa589>:0 
  at System.RuntimeType.CreateInstanceMono (System.Boolean nonPublic) [0x000a8] in <eae584ce26bc40229c1b1aa476bfa589>:0 
  at System.RuntimeType.CreateInstanceSlow (System.Boolean publicOnly, System.Boolean skipCheckThis, System.Boolean fillCache, System.Threading.StackCrawlMark& stackMark) [0x00009] in <eae584ce26bc40229c1b1aa476bfa589>:0 
  at System.RuntimeType.CreateInstanceDefaultCtor (System.Boolean publicOnly, System.Boolean skipCheckThis, System.Boolean fillCache, System.Threading.StackCrawlMark& stackMark) [0x00027] in <eae584ce26bc40229c1b1aa476bfa589>:0 
  at System.Activator.CreateInstance (System.Type type, System.Boolean nonPublic) [0x0002c] in <eae584ce26bc40229c1b1aa476bfa589>:0 
  at System.Activator.CreateInstance (System.Type type) [0x00000] in <eae584ce26bc40229c1b1aa476bfa589>:0 
  at UnityEditor.AssetPostprocessingInternal.GetAudioProcessorsHashString () [0x00035] in <8c48e4bc2ff34638b69095cbb65e2e27>:0 
UnityEngine.DebugLogHandler:Internal_LogException(Exception, Object)
UnityEngine.DebugLogHandler:LogException(Exception, Object)
UnityEngine.Logger:LogException(Exception, Object)
UnityEngine.Debug:LogException(Exception)
UnityEditor.AssetPostprocessingInternal:GetAudioProcessorsHashString()

FileNotFoundException: Could not load file or assembly 'Google.IOSResolver, Version=1.2.0.0, Culture=neutral, PublicKeyToken=null' or one of its dependencies.
Rethrow as TypeInitializationException: The type initializer for 'Firebase.Editor.XcodeProjectPatcher' threw an exception.
  at (wrapper managed-to-native) System.Reflection.MonoCMethod.InternalInvoke(System.Reflection.MonoCMethod,object,object[],System.Exception&)
  at System.Reflection.MonoCMethod.InternalInvoke (System.Object obj, System.Object[] parameters) [0x00002] in <eae584ce26bc40229c1b1aa476bfa589>:0 
Rethrow as TargetInvocationException: Exception has been thrown by the target of an invocation.
  at System.Reflection.MonoCMethod.InternalInvoke (System.Object obj, System.Object[] parameters) [0x00014] in <eae584ce26bc40229c1b1aa476bfa589>:0 
  at System.RuntimeType.CreateInstanceMono (System.Boolean nonPublic) [0x000a8] in <eae584ce26bc40229c1b1aa476bfa589>:0 
  at System.RuntimeType.CreateInstanceSlow (System.Boolean publicOnly, System.Boolean skipCheckThis, System.Boolean fillCache, System.Threading.StackCrawlMark& stackMark) [0x00009] in <eae584ce26bc40229c1b1aa476bfa589>:0 
  at System.RuntimeType.CreateInstanceDefaultCtor (System.Boolean publicOnly, System.Boolean skipCheckThis, System.Boolean fillCache, System.Threading.StackCrawlMark& stackMark) [0x00027] in <eae584ce26bc40229c1b1aa476bfa589>:0 
  at System.Activator.CreateInstance (System.Type type, System.Boolean nonPublic) [0x0002c] in <eae584ce26bc40229c1b1aa476bfa589>:0 
  at System.Activator.CreateInstance (System.Type type) [0x00000] in <eae584ce26bc40229c1b1aa476bfa589>:0 
  at UnityEditor.AssetPostprocessingInternal.GetSpeedTreeProcessorsHashString () [0x00035] in <8c48e4bc2ff34638b69095cbb65e2e27>:0 
UnityEngine.DebugLogHandler:Internal_LogException(Exception, Object)
UnityEngine.DebugLogHandler:LogException(Exception, Object)
UnityEngine.Logger:LogException(Exception, Object)
UnityEngine.Debug:LogException(Exception)
UnityEditor.AssetPostprocessingInternal:GetSpeedTreeProcessorsHashString()

FileNotFoundException: Could not load file or assembly 'Google.IOSResolver, Version=1.2.0.0, Culture=neutral, PublicKeyToken=null' or one of its dependencies.
Rethrow as TypeInitializationException: The type initializer for 'Firebase.Editor.XcodeProjectPatcher' threw an exception.
  at (wrapper managed-to-native) System.Reflection.MonoCMethod.InternalInvoke(System.Reflection.MonoCMethod,object,object[],System.Exception&)
  at System.Reflection.MonoCMethod.InternalInvoke (System.Object obj, System.Object[] parameters) [0x00002] in <eae584ce26bc40229c1b1aa476bfa589>:0 
Rethrow as TargetInvocationException: Exception has been thrown by the target of an invocation.
  at System.Reflection.MonoCMethod.InternalInvoke (System.Object obj, System.Object[] parameters) [0x00014] in <eae584ce26bc40229c1b1aa476bfa589>:0 
  at System.RuntimeType.CreateInstanceMono (System.Boolean nonPublic) [0x000a8] in <eae584ce26bc40229c1b1aa476bfa589>:0 
  at System.RuntimeType.CreateInstanceSlow (System.Boolean publicOnly, System.Boolean skipCheckThis, System.Boolean fillCache, System.Threading.StackCrawlMark& stackMark) [0x00009] in <eae584ce26bc40229c1b1aa476bfa589>:0 
  at System.RuntimeType.CreateInstanceDefaultCtor (System.Boolean publicOnly, System.Boolean skipCheckThis, System.Boolean fillCache, System.Threading.StackCrawlMark& stackMark) [0x00027] in <eae584ce26bc40229c1b1aa476bfa589>:0 
  at System.Activator.CreateInstance (System.Type type, System.Boolean nonPublic) [0x0002c] in <eae584ce26bc40229c1b1aa476bfa589>:0 
  at System.Activator.CreateInstance (System.Type type) [0x00000] in <eae584ce26bc40229c1b1aa476bfa589>:0 
  at UnityEditor.AssetPostprocessingInternal.GetPrefabProcessorsHashString () [0x00035] in <8c48e4bc2ff34638b69095cbb65e2e27>:0 
UnityEngine.DebugLogHandler:Internal_LogException(Exception, Object)
UnityEngine.DebugLogHandler:LogException(Exception, Object)
UnityEngine.Logger:LogException(Exception, Object)
UnityEngine.Debug:LogException(Exception)
UnityEditor.AssetPostprocessingInternal:GetPrefabProcessorsHashString()

- Completed reload, in  2.207 seconds
Platform modules already initialized, skipping
Shader 'Universal Render Pipeline/Particles/Lit': fallback shader 'Universal Render Pipeline/Particles/SimpleLit' not found
Refreshing native plugins compatible for Editor in 1.17 ms, found 2 plugins.
Preloading 0 native plugins for Editor in 0.00 ms.
Unloading 2992 Unused Serialized files (Serialized files now loaded: 0)
System memory in use before: 136.0 MB.
System memory in use after: 136.2 MB.

Unloading 31 unused Assets to reduce memory usage. Loaded Objects now: 3631.
Total: 6.334000 ms (FindLiveObjects: 1.513900 ms CreateObjectMapping: 0.420000 ms MarkObjects: 4.348600 ms  DeleteObjects: 0.049100 ms)

========================================================================
Received Import Request.
  Time since last request: 31.649476 seconds.
  path: Assets/Firebase/Editor/Firebase.Editor.dll
  artifactKey: Guid(9f2edbf81053418f879076c05f816dc2) Importer(815301076,1909f56bfc062723c751e8b465ee728b)
Start importing Assets/Firebase/Editor/Firebase.Editor.dll using Guid(9f2edbf81053418f879076c05f816dc2) Importer(815301076,1909f56bfc062723c751e8b465ee728b)  -> (artifact id: 'bdbef0fd7332627990ad7a55d704ab76') in 0.020265 seconds
  Import took 0.034311 seconds .

========================================================================
Received Prepare
Registering precompiled user dll's ...
Registered in 0.035063 seconds.
Begin MonoManager ReloadAssembly
Native extension for WindowsStandalone target not found
Refreshing native plugins compatible for Editor in 2.36 ms, found 2 plugins.
Preloading 0 native plugins for Editor in 0.00 ms.
Invoked RoslynAnalysisRunner static constructor.
RoslynAnalysisRunner will not be running.
RoslynAnalysisRunner has terminated.
Mono: successfully reloaded assembly
- Completed reload, in  2.134 seconds
Platform modules already initialized, skipping
Shader 'Universal Render Pipeline/Particles/Lit': fallback shader 'Universal Render Pipeline/Particles/SimpleLit' not found
Refreshing native plugins compatible for Editor in 1.84 ms, found 2 plugins.
Preloading 0 native plugins for Editor in 0.00 ms.
Unloading 2992 Unused Serialized files (Serialized files now loaded: 0)
System memory in use before: 136.0 MB.
System memory in use after: 136.2 MB.

Unloading 31 unused Assets to reduce memory usage. Loaded Objects now: 3633.
Total: 5.192100 ms (FindLiveObjects: 0.770500 ms CreateObjectMapping: 0.414400 ms MarkObjects: 3.961600 ms  DeleteObjects: 0.043400 ms)

========================================================================
Received Import Request.
  Time since last request: 137.034962 seconds.
  path: Assets/Script/InteractableObj.cs
  artifactKey: Guid(34ef973d94984dc4080de0e10eaf6037) Importer(815301076,1909f56bfc062723c751e8b465ee728b)
Start importing Assets/Script/InteractableObj.cs using Guid(34ef973d94984dc4080de0e10eaf6037) Importer(815301076,1909f56bfc062723c751e8b465ee728b)  -> (artifact id: '2af1fd5985f4792680a09d0eb3a94c71') in 0.031064 seconds
  Import took 0.041520 seconds .

========================================================================
Received Prepare
Registering precompiled user dll's ...
Registered in 0.022892 seconds.
Begin MonoManager ReloadAssembly
Native extension for WindowsStandalone target not found
Refreshing native plugins compatible for Editor in 0.97 ms, found 2 plugins.
Preloading 0 native plugins for Editor in 0.00 ms.
Invoked RoslynAnalysisRunner static constructor.
RoslynAnalysisRunner will not be running.
RoslynAnalysisRunner has terminated.
Mono: successfully reloaded assembly
- Completed reload, in  1.944 seconds
Platform modules already initialized, skipping
Shader 'Universal Render Pipeline/Particles/Lit': fallback shader 'Universal Render Pipeline/Particles/SimpleLit' not found
Refreshing native plugins compatible for Editor in 1.84 ms, found 2 plugins.
Preloading 0 native plugins for Editor in 0.00 ms.
Unloading 2992 Unused Serialized files (Serialized files now loaded: 0)
System memory in use before: 136.0 MB.
System memory in use after: 136.3 MB.

Unloading 31 unused Assets to reduce memory usage. Loaded Objects now: 3635.
Total: 5.022100 ms (FindLiveObjects: 0.888200 ms CreateObjectMapping: 0.382200 ms MarkObjects: 3.697600 ms  DeleteObjects: 0.034800 ms)

========================================================================
Received Import Request.
  Time since last request: 597.623978 seconds.
  path: Assets/Other
  artifactKey: Guid(2ecd9b3f29f36ce44aa503b19e329d02) Importer(815301076,1909f56bfc062723c751e8b465ee728b)
Start importing Assets/Other using Guid(2ecd9b3f29f36ce44aa503b19e329d02) Importer(815301076,1909f56bfc062723c751e8b465ee728b)  -> (artifact id: '94f90ed3645d4f2783c98db30f5f3e65') in 0.014070 seconds
  Import took 0.024487 seconds .

========================================================================
Received Import Request.
  Time since last request: 10.649950 seconds.
  path: Assets/Manual/Firebase.md
  artifactKey: Guid(f030c0af532366c4ab547c04d19b495e) Importer(815301076,1909f56bfc062723c751e8b465ee728b)
Start importing Assets/Manual/Firebase.md using Guid(f030c0af532366c4ab547c04d19b495e) Importer(815301076,1909f56bfc062723c751e8b465ee728b)  -> (artifact id: '8a3c1b4d9abce86e9fa57a5704a3e4ef') in 0.035673 seconds
  Import took 0.044054 seconds .

========================================================================
Received Import Request.
  Time since last request: 0.030628 seconds.
  path: Assets/Manual/Firebase.md
  artifactKey: Guid(f030c0af532366c4ab547c04d19b495e) Importer(815301076,1909f56bfc062723c751e8b465ee728b)
Start importing Assets/Manual/Firebase.md using Guid(f030c0af532366c4ab547c04d19b495e) Importer(815301076,1909f56bfc062723c751e8b465ee728b)  -> (artifact id: '8a3c1b4d9abce86e9fa57a5704a3e4ef') in 0.008213 seconds
  Import took 0.015892 seconds .

========================================================================
Received Import Request.
  Time since last request: 29.372731 seconds.
  path: Assets/Firebase/google-services.json
  artifactKey: Guid(6a7b9f46b8e3850418aa1a51bfbd6a04) Importer(815301076,1909f56bfc062723c751e8b465ee728b)
Start importing Assets/Firebase/google-services.json using Guid(6a7b9f46b8e3850418aa1a51bfbd6a04) Importer(815301076,1909f56bfc062723c751e8b465ee728b)  -> (artifact id: '5ba8aa4beac55f53f5bdfd65028922c0') in 0.016033 seconds
  Import took 0.026356 seconds .

========================================================================
Received Import Request.
  Time since last request: 0.001446 seconds.
  path: Assets/Firebase/google-services.json
  artifactKey: Guid(6a7b9f46b8e3850418aa1a51bfbd6a04) Importer(815301076,1909f56bfc062723c751e8b465ee728b)
Start importing Assets/Firebase/google-services.json using Guid(6a7b9f46b8e3850418aa1a51bfbd6a04) Importer(815301076,1909f56bfc062723c751e8b465ee728b)  -> (artifact id: '5ba8aa4beac55f53f5bdfd65028922c0') in 0.010413 seconds
  Import took 0.017531 seconds .

